[2023-10-19 16:43:16] local.ERROR: syntax error, unexpected token "return" {"exception":"[object] (ParseError(code: 0): syntax error, unexpected token \"return\" at /var/www/app/Http/Controllers/DumpsController.php:50)
[stacktrace]
#0 /var/www/vendor/composer/ClassLoader.php(427): Composer\\Autoload\\{closure}()
#1 [internal function]: Composer\\Autoload\\ClassLoader->loadClass()
#2 /var/www/vendor/laravel/framework/src/Illuminate/Routing/Route.php(1092): is_a()
#3 /var/www/vendor/laravel/framework/src/Illuminate/Routing/Route.php(1031): Illuminate\\Routing\\Route->controllerMiddleware()
#4 /var/www/vendor/laravel/framework/src/Illuminate/Routing/Router.php(811): Illuminate\\Routing\\Route->gatherMiddleware()
#5 /var/www/vendor/laravel/framework/src/Illuminate/Routing/Router.php(793): Illuminate\\Routing\\Router->gatherRouteMiddleware()
#6 /var/www/vendor/laravel/framework/src/Illuminate/Routing/Router.php(777): Illuminate\\Routing\\Router->runRouteWithinStack()
#7 /var/www/vendor/laravel/framework/src/Illuminate/Routing/Router.php(741): Illuminate\\Routing\\Router->runRoute()
#8 /var/www/vendor/laravel/framework/src/Illuminate/Routing/Router.php(730): Illuminate\\Routing\\Router->dispatchToRoute()
#9 /var/www/vendor/laravel/framework/src/Illuminate/Foundation/Http/Kernel.php(200): Illuminate\\Routing\\Router->dispatch()
#10 /var/www/vendor/laravel/framework/src/Illuminate/Pipeline/Pipeline.php(141): Illuminate\\Foundation\\Http\\Kernel->Illuminate\\Foundation\\Http\\{closure}()
#11 /var/www/vendor/laravel/framework/src/Illuminate/Foundation/Http/Middleware/TransformsRequest.php(21): Illuminate\\Pipeline\\Pipeline->Illuminate\\Pipeline\\{closure}()
#12 /var/www/vendor/laravel/framework/src/Illuminate/Foundation/Http/Middleware/ConvertEmptyStringsToNull.php(31): Illuminate\\Foundation\\Http\\Middleware\\TransformsRequest->handle()
#13 /var/www/vendor/laravel/framework/src/Illuminate/Pipeline/Pipeline.php(180): Illuminate\\Foundation\\Http\\Middleware\\ConvertEmptyStringsToNull->handle()
#14 /var/www/vendor/laravel/framework/src/Illuminate/Foundation/Http/Middleware/TransformsRequest.php(21): Illuminate\\Pipeline\\Pipeline->Illuminate\\Pipeline\\{closure}()
#15 /var/www/vendor/laravel/framework/src/Illuminate/Foundation/Http/Middleware/TrimStrings.php(40): Illuminate\\Foundation\\Http\\Middleware\\TransformsRequest->handle()
#16 /var/www/vendor/laravel/framework/src/Illuminate/Pipeline/Pipeline.php(180): Illuminate\\Foundation\\Http\\Middleware\\TrimStrings->handle()
#17 /var/www/vendor/laravel/framework/src/Illuminate/Foundation/Http/Middleware/ValidatePostSize.php(27): Illuminate\\Pipeline\\Pipeline->Illuminate\\Pipeline\\{closure}()
#18 /var/www/vendor/laravel/framework/src/Illuminate/Pipeline/Pipeline.php(180): Illuminate\\Foundation\\Http\\Middleware\\ValidatePostSize->handle()
#19 /var/www/vendor/laravel/framework/src/Illuminate/Foundation/Http/Middleware/PreventRequestsDuringMaintenance.php(86): Illuminate\\Pipeline\\Pipeline->Illuminate\\Pipeline\\{closure}()
#20 /var/www/vendor/laravel/framework/src/Illuminate/Pipeline/Pipeline.php(180): Illuminate\\Foundation\\Http\\Middleware\\PreventRequestsDuringMaintenance->handle()
#21 /var/www/vendor/laravel/framework/src/Illuminate/Http/Middleware/HandleCors.php(49): Illuminate\\Pipeline\\Pipeline->Illuminate\\Pipeline\\{closure}()
#22 /var/www/vendor/laravel/framework/src/Illuminate/Pipeline/Pipeline.php(180): Illuminate\\Http\\Middleware\\HandleCors->handle()
#23 /var/www/vendor/laravel/framework/src/Illuminate/Http/Middleware/TrustProxies.php(39): Illuminate\\Pipeline\\Pipeline->Illuminate\\Pipeline\\{closure}()
#24 /var/www/vendor/laravel/framework/src/Illuminate/Pipeline/Pipeline.php(180): Illuminate\\Http\\Middleware\\TrustProxies->handle()
#25 /var/www/vendor/laravel/framework/src/Illuminate/Pipeline/Pipeline.php(116): Illuminate\\Pipeline\\Pipeline->Illuminate\\Pipeline\\{closure}()
#26 /var/www/vendor/laravel/framework/src/Illuminate/Foundation/Http/Kernel.php(175): Illuminate\\Pipeline\\Pipeline->then()
#27 /var/www/vendor/laravel/framework/src/Illuminate/Foundation/Http/Kernel.php(144): Illuminate\\Foundation\\Http\\Kernel->sendRequestThroughRouter()
#28 /var/www/public/index.php(51): Illuminate\\Foundation\\Http\\Kernel->handle()
#29 {main}
"} 
[2023-10-19 16:44:13] local.ERROR: syntax error, unexpected token "return" {"exception":"[object] (ParseError(code: 0): syntax error, unexpected token \"return\" at /var/www/app/Http/Controllers/DumpsController.php:50)
[stacktrace]
#0 /var/www/vendor/composer/ClassLoader.php(427): Composer\\Autoload\\{closure}()
#1 [internal function]: Composer\\Autoload\\ClassLoader->loadClass()
#2 /var/www/vendor/laravel/framework/src/Illuminate/Routing/Route.php(1092): is_a()
#3 /var/www/vendor/laravel/framework/src/Illuminate/Routing/Route.php(1031): Illuminate\\Routing\\Route->controllerMiddleware()
#4 /var/www/vendor/laravel/framework/src/Illuminate/Routing/Router.php(811): Illuminate\\Routing\\Route->gatherMiddleware()
#5 /var/www/vendor/laravel/framework/src/Illuminate/Routing/Router.php(793): Illuminate\\Routing\\Router->gatherRouteMiddleware()
#6 /var/www/vendor/laravel/framework/src/Illuminate/Routing/Router.php(777): Illuminate\\Routing\\Router->runRouteWithinStack()
#7 /var/www/vendor/laravel/framework/src/Illuminate/Routing/Router.php(741): Illuminate\\Routing\\Router->runRoute()
#8 /var/www/vendor/laravel/framework/src/Illuminate/Routing/Router.php(730): Illuminate\\Routing\\Router->dispatchToRoute()
#9 /var/www/vendor/laravel/framework/src/Illuminate/Foundation/Http/Kernel.php(200): Illuminate\\Routing\\Router->dispatch()
#10 /var/www/vendor/laravel/framework/src/Illuminate/Pipeline/Pipeline.php(141): Illuminate\\Foundation\\Http\\Kernel->Illuminate\\Foundation\\Http\\{closure}()
#11 /var/www/vendor/laravel/framework/src/Illuminate/Foundation/Http/Middleware/TransformsRequest.php(21): Illuminate\\Pipeline\\Pipeline->Illuminate\\Pipeline\\{closure}()
#12 /var/www/vendor/laravel/framework/src/Illuminate/Foundation/Http/Middleware/ConvertEmptyStringsToNull.php(31): Illuminate\\Foundation\\Http\\Middleware\\TransformsRequest->handle()
#13 /var/www/vendor/laravel/framework/src/Illuminate/Pipeline/Pipeline.php(180): Illuminate\\Foundation\\Http\\Middleware\\ConvertEmptyStringsToNull->handle()
#14 /var/www/vendor/laravel/framework/src/Illuminate/Foundation/Http/Middleware/TransformsRequest.php(21): Illuminate\\Pipeline\\Pipeline->Illuminate\\Pipeline\\{closure}()
#15 /var/www/vendor/laravel/framework/src/Illuminate/Foundation/Http/Middleware/TrimStrings.php(40): Illuminate\\Foundation\\Http\\Middleware\\TransformsRequest->handle()
#16 /var/www/vendor/laravel/framework/src/Illuminate/Pipeline/Pipeline.php(180): Illuminate\\Foundation\\Http\\Middleware\\TrimStrings->handle()
#17 /var/www/vendor/laravel/framework/src/Illuminate/Foundation/Http/Middleware/ValidatePostSize.php(27): Illuminate\\Pipeline\\Pipeline->Illuminate\\Pipeline\\{closure}()
#18 /var/www/vendor/laravel/framework/src/Illuminate/Pipeline/Pipeline.php(180): Illuminate\\Foundation\\Http\\Middleware\\ValidatePostSize->handle()
#19 /var/www/vendor/laravel/framework/src/Illuminate/Foundation/Http/Middleware/PreventRequestsDuringMaintenance.php(86): Illuminate\\Pipeline\\Pipeline->Illuminate\\Pipeline\\{closure}()
#20 /var/www/vendor/laravel/framework/src/Illuminate/Pipeline/Pipeline.php(180): Illuminate\\Foundation\\Http\\Middleware\\PreventRequestsDuringMaintenance->handle()
#21 /var/www/vendor/laravel/framework/src/Illuminate/Http/Middleware/HandleCors.php(49): Illuminate\\Pipeline\\Pipeline->Illuminate\\Pipeline\\{closure}()
#22 /var/www/vendor/laravel/framework/src/Illuminate/Pipeline/Pipeline.php(180): Illuminate\\Http\\Middleware\\HandleCors->handle()
#23 /var/www/vendor/laravel/framework/src/Illuminate/Http/Middleware/TrustProxies.php(39): Illuminate\\Pipeline\\Pipeline->Illuminate\\Pipeline\\{closure}()
#24 /var/www/vendor/laravel/framework/src/Illuminate/Pipeline/Pipeline.php(180): Illuminate\\Http\\Middleware\\TrustProxies->handle()
#25 /var/www/vendor/laravel/framework/src/Illuminate/Pipeline/Pipeline.php(116): Illuminate\\Pipeline\\Pipeline->Illuminate\\Pipeline\\{closure}()
#26 /var/www/vendor/laravel/framework/src/Illuminate/Foundation/Http/Kernel.php(175): Illuminate\\Pipeline\\Pipeline->then()
#27 /var/www/vendor/laravel/framework/src/Illuminate/Foundation/Http/Kernel.php(144): Illuminate\\Foundation\\Http\\Kernel->sendRequestThroughRouter()
#28 /var/www/public/index.php(51): Illuminate\\Foundation\\Http\\Kernel->handle()
#29 {main}
"} 
[2023-10-20 11:32:46] local.ERROR: could not find driver (Connection: mysql, SQL: insert into `telescope_entries` (`batch_id`, `content`, `created_at`, `family_hash`, `type`, `uuid`) values (9a6a05ed-d353-41cc-b832-a9e2ba72a506, {"command":"vendor:publish","exit_code":0,"arguments":{"command":"vendor:publish"},"options":{"existing":false,"force":true,"all":false,"provider":null,"tag":["laravel-assets"],"help":false,"quiet":false,"verbose":false,"version":false,"ansi":true,"no-interaction":false,"env":null},"hostname":"cc50681e9b1f"}, 2023-10-20 11:32:46, ?, command, 9a6a05ed-d1ec-499b-b7ff-0773b86e7a24)) {"exception":"[object] (Illuminate\\Database\\QueryException(code: 0): could not find driver (Connection: mysql, SQL: insert into `telescope_entries` (`batch_id`, `content`, `created_at`, `family_hash`, `type`, `uuid`) values (9a6a05ed-d353-41cc-b832-a9e2ba72a506, {\"command\":\"vendor:publish\",\"exit_code\":0,\"arguments\":{\"command\":\"vendor:publish\"},\"options\":{\"existing\":false,\"force\":true,\"all\":false,\"provider\":null,\"tag\":[\"laravel-assets\"],\"help\":false,\"quiet\":false,\"verbose\":false,\"version\":false,\"ansi\":true,\"no-interaction\":false,\"env\":null},\"hostname\":\"cc50681e9b1f\"}, 2023-10-20 11:32:46, ?, command, 9a6a05ed-d1ec-499b-b7ff-0773b86e7a24)) at /var/www/vendor/laravel/framework/src/Illuminate/Database/Connection.php:795)
[stacktrace]
#0 /var/www/vendor/laravel/framework/src/Illuminate/Database/Connection.php(755): Illuminate\\Database\\Connection->runQueryCallback()
#1 /var/www/vendor/laravel/framework/src/Illuminate/Database/Connection.php(569): Illuminate\\Database\\Connection->run()
#2 /var/www/vendor/laravel/framework/src/Illuminate/Database/Connection.php(533): Illuminate\\Database\\Connection->statement()
#3 /var/www/vendor/laravel/framework/src/Illuminate/Database/Query/Builder.php(3332): Illuminate\\Database\\Connection->insert()
#4 /var/www/vendor/laravel/telescope/src/Storage/DatabaseEntriesRepository.php(144): Illuminate\\Database\\Query\\Builder->insert()
#5 /var/www/vendor/laravel/framework/src/Illuminate/Collections/Traits/EnumeratesValues.php(236): Laravel\\Telescope\\Storage\\DatabaseEntriesRepository->Laravel\\Telescope\\Storage\\{closure}()
#6 /var/www/vendor/laravel/telescope/src/Storage/DatabaseEntriesRepository.php(143): Illuminate\\Support\\Collection->each()
#7 /var/www/vendor/laravel/telescope/src/Telescope.php(668): Laravel\\Telescope\\Storage\\DatabaseEntriesRepository->store()
#8 [internal function]: Laravel\\Telescope\\Telescope::Laravel\\Telescope\\{closure}()
#9 /var/www/vendor/laravel/telescope/src/Telescope.php(293): call_user_func()
#10 /var/www/vendor/laravel/telescope/src/Telescope.php(660): Laravel\\Telescope\\Telescope::withoutRecording()
#11 /var/www/vendor/laravel/telescope/src/ListensForStorageOpportunities.php(65): Laravel\\Telescope\\Telescope::store()
#12 /var/www/vendor/laravel/framework/src/Illuminate/Container/BoundMethod.php(36): Laravel\\Telescope\\Telescope::Laravel\\Telescope\\{closure}()
#13 /var/www/vendor/laravel/framework/src/Illuminate/Container/Util.php(41): Illuminate\\Container\\BoundMethod::Illuminate\\Container\\{closure}()
#14 /var/www/vendor/laravel/framework/src/Illuminate/Container/BoundMethod.php(81): Illuminate\\Container\\Util::unwrapIfClosure()
#15 /var/www/vendor/laravel/framework/src/Illuminate/Container/BoundMethod.php(35): Illuminate\\Container\\BoundMethod::callBoundMethod()
#16 /var/www/vendor/laravel/framework/src/Illuminate/Container/Container.php(662): Illuminate\\Container\\BoundMethod::call()
#17 /var/www/vendor/laravel/framework/src/Illuminate/Foundation/Application.php(1250): Illuminate\\Container\\Container->call()
#18 /var/www/vendor/laravel/framework/src/Illuminate/Foundation/Console/Kernel.php(220): Illuminate\\Foundation\\Application->terminate()
#19 /var/www/artisan(51): Illuminate\\Foundation\\Console\\Kernel->terminate()
#20 {main}

[previous exception] [object] (PDOException(code: 0): could not find driver at /var/www/vendor/laravel/framework/src/Illuminate/Database/Connectors/Connector.php:65)
[stacktrace]
#0 /var/www/vendor/laravel/framework/src/Illuminate/Database/Connectors/Connector.php(65): PDO->__construct()
#1 /var/www/vendor/laravel/framework/src/Illuminate/Database/Connectors/Connector.php(44): Illuminate\\Database\\Connectors\\Connector->createPdoConnection()
#2 /var/www/vendor/laravel/framework/src/Illuminate/Database/Connectors/MySqlConnector.php(24): Illuminate\\Database\\Connectors\\Connector->createConnection()
#3 /var/www/vendor/laravel/framework/src/Illuminate/Database/Connectors/ConnectionFactory.php(184): Illuminate\\Database\\Connectors\\MySqlConnector->connect()
#4 [internal function]: Illuminate\\Database\\Connectors\\ConnectionFactory->Illuminate\\Database\\Connectors\\{closure}()
#5 /var/www/vendor/laravel/framework/src/Illuminate/Database/Connection.php(1275): call_user_func()
#6 /var/www/vendor/laravel/framework/src/Illuminate/Database/Connection.php(574): Illuminate\\Database\\Connection->getPdo()
#7 /var/www/vendor/laravel/framework/src/Illuminate/Database/Connection.php(788): Illuminate\\Database\\Connection->Illuminate\\Database\\{closure}()
#8 /var/www/vendor/laravel/framework/src/Illuminate/Database/Connection.php(755): Illuminate\\Database\\Connection->runQueryCallback()
#9 /var/www/vendor/laravel/framework/src/Illuminate/Database/Connection.php(569): Illuminate\\Database\\Connection->run()
#10 /var/www/vendor/laravel/framework/src/Illuminate/Database/Connection.php(533): Illuminate\\Database\\Connection->statement()
#11 /var/www/vendor/laravel/framework/src/Illuminate/Database/Query/Builder.php(3332): Illuminate\\Database\\Connection->insert()
#12 /var/www/vendor/laravel/telescope/src/Storage/DatabaseEntriesRepository.php(144): Illuminate\\Database\\Query\\Builder->insert()
#13 /var/www/vendor/laravel/framework/src/Illuminate/Collections/Traits/EnumeratesValues.php(236): Laravel\\Telescope\\Storage\\DatabaseEntriesRepository->Laravel\\Telescope\\Storage\\{closure}()
#14 /var/www/vendor/laravel/telescope/src/Storage/DatabaseEntriesRepository.php(143): Illuminate\\Support\\Collection->each()
#15 /var/www/vendor/laravel/telescope/src/Telescope.php(668): Laravel\\Telescope\\Storage\\DatabaseEntriesRepository->store()
#16 [internal function]: Laravel\\Telescope\\Telescope::Laravel\\Telescope\\{closure}()
#17 /var/www/vendor/laravel/telescope/src/Telescope.php(293): call_user_func()
#18 /var/www/vendor/laravel/telescope/src/Telescope.php(660): Laravel\\Telescope\\Telescope::withoutRecording()
#19 /var/www/vendor/laravel/telescope/src/ListensForStorageOpportunities.php(65): Laravel\\Telescope\\Telescope::store()
#20 /var/www/vendor/laravel/framework/src/Illuminate/Container/BoundMethod.php(36): Laravel\\Telescope\\Telescope::Laravel\\Telescope\\{closure}()
#21 /var/www/vendor/laravel/framework/src/Illuminate/Container/Util.php(41): Illuminate\\Container\\BoundMethod::Illuminate\\Container\\{closure}()
#22 /var/www/vendor/laravel/framework/src/Illuminate/Container/BoundMethod.php(81): Illuminate\\Container\\Util::unwrapIfClosure()
#23 /var/www/vendor/laravel/framework/src/Illuminate/Container/BoundMethod.php(35): Illuminate\\Container\\BoundMethod::callBoundMethod()
#24 /var/www/vendor/laravel/framework/src/Illuminate/Container/Container.php(662): Illuminate\\Container\\BoundMethod::call()
#25 /var/www/vendor/laravel/framework/src/Illuminate/Foundation/Application.php(1250): Illuminate\\Container\\Container->call()
#26 /var/www/vendor/laravel/framework/src/Illuminate/Foundation/Console/Kernel.php(220): Illuminate\\Foundation\\Application->terminate()
#27 /var/www/artisan(51): Illuminate\\Foundation\\Console\\Kernel->terminate()
#28 {main}
"} 
[2023-10-20 11:33:49] local.ERROR: could not find driver (Connection: mysql, SQL: insert into `telescope_entries` (`batch_id`, `content`, `created_at`, `family_hash`, `type`, `uuid`) values (9a6a064d-1cd2-4a1d-8485-41934f405227, {"command":"vendor:publish","exit_code":0,"arguments":{"command":"vendor:publish"},"options":{"existing":false,"force":true,"all":false,"provider":null,"tag":["laravel-assets"],"help":false,"quiet":false,"verbose":false,"version":false,"ansi":true,"no-interaction":false,"env":null},"hostname":"cc50681e9b1f"}, 2023-10-20 11:33:49, ?, command, 9a6a064d-1b18-4621-b27b-0fdf7b7069e2)) {"exception":"[object] (Illuminate\\Database\\QueryException(code: 0): could not find driver (Connection: mysql, SQL: insert into `telescope_entries` (`batch_id`, `content`, `created_at`, `family_hash`, `type`, `uuid`) values (9a6a064d-1cd2-4a1d-8485-41934f405227, {\"command\":\"vendor:publish\",\"exit_code\":0,\"arguments\":{\"command\":\"vendor:publish\"},\"options\":{\"existing\":false,\"force\":true,\"all\":false,\"provider\":null,\"tag\":[\"laravel-assets\"],\"help\":false,\"quiet\":false,\"verbose\":false,\"version\":false,\"ansi\":true,\"no-interaction\":false,\"env\":null},\"hostname\":\"cc50681e9b1f\"}, 2023-10-20 11:33:49, ?, command, 9a6a064d-1b18-4621-b27b-0fdf7b7069e2)) at /var/www/vendor/laravel/framework/src/Illuminate/Database/Connection.php:795)
[stacktrace]
#0 /var/www/vendor/laravel/framework/src/Illuminate/Database/Connection.php(755): Illuminate\\Database\\Connection->runQueryCallback()
#1 /var/www/vendor/laravel/framework/src/Illuminate/Database/Connection.php(569): Illuminate\\Database\\Connection->run()
#2 /var/www/vendor/laravel/framework/src/Illuminate/Database/Connection.php(533): Illuminate\\Database\\Connection->statement()
#3 /var/www/vendor/laravel/framework/src/Illuminate/Database/Query/Builder.php(3332): Illuminate\\Database\\Connection->insert()
#4 /var/www/vendor/laravel/telescope/src/Storage/DatabaseEntriesRepository.php(144): Illuminate\\Database\\Query\\Builder->insert()
#5 /var/www/vendor/laravel/framework/src/Illuminate/Collections/Traits/EnumeratesValues.php(236): Laravel\\Telescope\\Storage\\DatabaseEntriesRepository->Laravel\\Telescope\\Storage\\{closure}()
#6 /var/www/vendor/laravel/telescope/src/Storage/DatabaseEntriesRepository.php(143): Illuminate\\Support\\Collection->each()
#7 /var/www/vendor/laravel/telescope/src/Telescope.php(668): Laravel\\Telescope\\Storage\\DatabaseEntriesRepository->store()
#8 [internal function]: Laravel\\Telescope\\Telescope::Laravel\\Telescope\\{closure}()
#9 /var/www/vendor/laravel/telescope/src/Telescope.php(293): call_user_func()
#10 /var/www/vendor/laravel/telescope/src/Telescope.php(660): Laravel\\Telescope\\Telescope::withoutRecording()
#11 /var/www/vendor/laravel/telescope/src/ListensForStorageOpportunities.php(65): Laravel\\Telescope\\Telescope::store()
#12 /var/www/vendor/laravel/framework/src/Illuminate/Container/BoundMethod.php(36): Laravel\\Telescope\\Telescope::Laravel\\Telescope\\{closure}()
#13 /var/www/vendor/laravel/framework/src/Illuminate/Container/Util.php(41): Illuminate\\Container\\BoundMethod::Illuminate\\Container\\{closure}()
#14 /var/www/vendor/laravel/framework/src/Illuminate/Container/BoundMethod.php(81): Illuminate\\Container\\Util::unwrapIfClosure()
#15 /var/www/vendor/laravel/framework/src/Illuminate/Container/BoundMethod.php(35): Illuminate\\Container\\BoundMethod::callBoundMethod()
#16 /var/www/vendor/laravel/framework/src/Illuminate/Container/Container.php(662): Illuminate\\Container\\BoundMethod::call()
#17 /var/www/vendor/laravel/framework/src/Illuminate/Foundation/Application.php(1250): Illuminate\\Container\\Container->call()
#18 /var/www/vendor/laravel/framework/src/Illuminate/Foundation/Console/Kernel.php(220): Illuminate\\Foundation\\Application->terminate()
#19 /var/www/artisan(51): Illuminate\\Foundation\\Console\\Kernel->terminate()
#20 {main}

[previous exception] [object] (PDOException(code: 0): could not find driver at /var/www/vendor/laravel/framework/src/Illuminate/Database/Connectors/Connector.php:65)
[stacktrace]
#0 /var/www/vendor/laravel/framework/src/Illuminate/Database/Connectors/Connector.php(65): PDO->__construct()
#1 /var/www/vendor/laravel/framework/src/Illuminate/Database/Connectors/Connector.php(44): Illuminate\\Database\\Connectors\\Connector->createPdoConnection()
#2 /var/www/vendor/laravel/framework/src/Illuminate/Database/Connectors/MySqlConnector.php(24): Illuminate\\Database\\Connectors\\Connector->createConnection()
#3 /var/www/vendor/laravel/framework/src/Illuminate/Database/Connectors/ConnectionFactory.php(184): Illuminate\\Database\\Connectors\\MySqlConnector->connect()
#4 [internal function]: Illuminate\\Database\\Connectors\\ConnectionFactory->Illuminate\\Database\\Connectors\\{closure}()
#5 /var/www/vendor/laravel/framework/src/Illuminate/Database/Connection.php(1275): call_user_func()
#6 /var/www/vendor/laravel/framework/src/Illuminate/Database/Connection.php(574): Illuminate\\Database\\Connection->getPdo()
#7 /var/www/vendor/laravel/framework/src/Illuminate/Database/Connection.php(788): Illuminate\\Database\\Connection->Illuminate\\Database\\{closure}()
#8 /var/www/vendor/laravel/framework/src/Illuminate/Database/Connection.php(755): Illuminate\\Database\\Connection->runQueryCallback()
#9 /var/www/vendor/laravel/framework/src/Illuminate/Database/Connection.php(569): Illuminate\\Database\\Connection->run()
#10 /var/www/vendor/laravel/framework/src/Illuminate/Database/Connection.php(533): Illuminate\\Database\\Connection->statement()
#11 /var/www/vendor/laravel/framework/src/Illuminate/Database/Query/Builder.php(3332): Illuminate\\Database\\Connection->insert()
#12 /var/www/vendor/laravel/telescope/src/Storage/DatabaseEntriesRepository.php(144): Illuminate\\Database\\Query\\Builder->insert()
#13 /var/www/vendor/laravel/framework/src/Illuminate/Collections/Traits/EnumeratesValues.php(236): Laravel\\Telescope\\Storage\\DatabaseEntriesRepository->Laravel\\Telescope\\Storage\\{closure}()
#14 /var/www/vendor/laravel/telescope/src/Storage/DatabaseEntriesRepository.php(143): Illuminate\\Support\\Collection->each()
#15 /var/www/vendor/laravel/telescope/src/Telescope.php(668): Laravel\\Telescope\\Storage\\DatabaseEntriesRepository->store()
#16 [internal function]: Laravel\\Telescope\\Telescope::Laravel\\Telescope\\{closure}()
#17 /var/www/vendor/laravel/telescope/src/Telescope.php(293): call_user_func()
#18 /var/www/vendor/laravel/telescope/src/Telescope.php(660): Laravel\\Telescope\\Telescope::withoutRecording()
#19 /var/www/vendor/laravel/telescope/src/ListensForStorageOpportunities.php(65): Laravel\\Telescope\\Telescope::store()
#20 /var/www/vendor/laravel/framework/src/Illuminate/Container/BoundMethod.php(36): Laravel\\Telescope\\Telescope::Laravel\\Telescope\\{closure}()
#21 /var/www/vendor/laravel/framework/src/Illuminate/Container/Util.php(41): Illuminate\\Container\\BoundMethod::Illuminate\\Container\\{closure}()
#22 /var/www/vendor/laravel/framework/src/Illuminate/Container/BoundMethod.php(81): Illuminate\\Container\\Util::unwrapIfClosure()
#23 /var/www/vendor/laravel/framework/src/Illuminate/Container/BoundMethod.php(35): Illuminate\\Container\\BoundMethod::callBoundMethod()
#24 /var/www/vendor/laravel/framework/src/Illuminate/Container/Container.php(662): Illuminate\\Container\\BoundMethod::call()
#25 /var/www/vendor/laravel/framework/src/Illuminate/Foundation/Application.php(1250): Illuminate\\Container\\Container->call()
#26 /var/www/vendor/laravel/framework/src/Illuminate/Foundation/Console/Kernel.php(220): Illuminate\\Foundation\\Application->terminate()
#27 /var/www/artisan(51): Illuminate\\Foundation\\Console\\Kernel->terminate()
#28 {main}
"} 
